<?xml version="1.0" encoding="UTF-8"?>
<testsuite name="pl.ciruk.whattowatch.WhatToWatchApplicationTests" tests="1" skipped="0" failures="0" errors="0" timestamp="2015-12-31T13:37:59" hostname="asus" time="0.004">
  <properties/>
  <testcase name="contextLoads" classname="pl.ciruk.whattowatch.WhatToWatchApplicationTests" time="0.004"/>
  <system-out><![CDATA[14:37:57.634 [Test worker] DEBUG o.s.t.c.j.SpringJUnit4ClassRunner - SpringJUnit4ClassRunner constructor called with [class pl.ciruk.whattowatch.WhatToWatchApplicationTests]
14:37:57.638 [Test worker] DEBUG o.s.test.context.BootstrapUtils - Instantiating CacheAwareContextLoaderDelegate from class [org.springframework.test.context.cache.DefaultCacheAwareContextLoaderDelegate]
14:37:57.641 [Test worker] DEBUG o.s.test.context.BootstrapUtils - Instantiating BootstrapContext using constructor [public org.springframework.test.context.support.DefaultBootstrapContext(java.lang.Class,org.springframework.test.context.CacheAwareContextLoaderDelegate)]
14:37:57.647 [Test worker] DEBUG o.s.test.context.BootstrapUtils - Instantiating TestContextBootstrapper for test class [pl.ciruk.whattowatch.WhatToWatchApplicationTests] from class [org.springframework.test.context.support.DefaultTestContextBootstrapper]
14:37:57.663 [Test worker] DEBUG o.s.t.c.s.DefaultTestContextBootstrapper - Found explicit ContextLoader class [org.springframework.boot.test.SpringApplicationContextLoader] for context configuration attributes [ContextConfigurationAttributes@127fe0ab declaringClass = 'pl.ciruk.whattowatch.WhatToWatchApplicationTests', classes = '{class pl.ciruk.whattowatch.WhatToWatchApplication}', locations = '{}', inheritLocations = true, initializers = '{}', inheritInitializers = true, name = [null], contextLoaderClass = 'org.springframework.boot.test.SpringApplicationContextLoader']
14:37:57.668 [Test worker] DEBUG o.s.t.c.s.AbstractContextLoader - Did not detect default resource location for test class [pl.ciruk.whattowatch.WhatToWatchApplicationTests]: class path resource [pl/ciruk/whattowatch/WhatToWatchApplicationTests-context.xml] does not exist
14:37:57.668 [Test worker] DEBUG o.s.t.c.s.AbstractContextLoader - Did not detect default resource location for test class [pl.ciruk.whattowatch.WhatToWatchApplicationTests]: class path resource [pl/ciruk/whattowatch/WhatToWatchApplicationTestsContext.groovy] does not exist
14:37:57.668 [Test worker] INFO  o.s.t.c.s.AbstractContextLoader - Could not detect default resource locations for test class [pl.ciruk.whattowatch.WhatToWatchApplicationTests]: no resource found for suffixes {-context.xml, Context.groovy}.
14:37:57.670 [Test worker] DEBUG o.s.t.c.support.ActiveProfilesUtils - Could not find an 'annotation declaring class' for annotation type [org.springframework.test.context.ActiveProfiles] and class [pl.ciruk.whattowatch.WhatToWatchApplicationTests]
14:37:57.672 [Test worker] DEBUG o.s.t.c.s.DefaultTestContextBootstrapper - @TestExecutionListeners is not present for class [pl.ciruk.whattowatch.WhatToWatchApplicationTests]: using defaults.
14:37:57.679 [Test worker] INFO  o.s.t.c.s.DefaultTestContextBootstrapper - Loaded default TestExecutionListener class names from location [META-INF/spring.factories]: [org.springframework.test.context.web.ServletTestExecutionListener, org.springframework.test.context.support.DirtiesContextBeforeModesTestExecutionListener, org.springframework.test.context.support.DependencyInjectionTestExecutionListener, org.springframework.test.context.support.DirtiesContextTestExecutionListener, org.springframework.test.context.transaction.TransactionalTestExecutionListener, org.springframework.test.context.jdbc.SqlScriptsTestExecutionListener]
14:37:57.690 [Test worker] INFO  o.s.t.c.s.DefaultTestContextBootstrapper - Using TestExecutionListeners: [org.springframework.test.context.web.ServletTestExecutionListener@34648c3, org.springframework.test.context.support.DirtiesContextBeforeModesTestExecutionListener@3df9b777, org.springframework.test.context.support.DependencyInjectionTestExecutionListener@49a741d5, org.springframework.test.context.support.DirtiesContextTestExecutionListener@1f9127c3, org.springframework.test.context.transaction.TransactionalTestExecutionListener@2ea064a2, org.springframework.test.context.jdbc.SqlScriptsTestExecutionListener@5e923c0e]
14:37:57.692 [Test worker] DEBUG o.s.t.annotation.ProfileValueUtils - Retrieved @ProfileValueSourceConfiguration [null] for test class [pl.ciruk.whattowatch.WhatToWatchApplicationTests]
14:37:57.693 [Test worker] DEBUG o.s.t.annotation.ProfileValueUtils - Retrieved ProfileValueSource type [class org.springframework.test.annotation.SystemProfileValueSource] for class [pl.ciruk.whattowatch.WhatToWatchApplicationTests]
14:37:57.694 [Test worker] DEBUG o.s.t.annotation.ProfileValueUtils - Retrieved @ProfileValueSourceConfiguration [null] for test class [pl.ciruk.whattowatch.WhatToWatchApplicationTests]
14:37:57.694 [Test worker] DEBUG o.s.t.annotation.ProfileValueUtils - Retrieved ProfileValueSource type [class org.springframework.test.annotation.SystemProfileValueSource] for class [pl.ciruk.whattowatch.WhatToWatchApplicationTests]
14:37:57.696 [Test worker] DEBUG o.s.t.c.s.AbstractDirtiesContextTestExecutionListener - Before test class: context [DefaultTestContext@17a00d42 testClass = WhatToWatchApplicationTests, testInstance = [null], testMethod = [null], testException = [null], mergedContextConfiguration = [MergedContextConfiguration@5ea94766 testClass = WhatToWatchApplicationTests, locations = '{}', classes = '{class pl.ciruk.whattowatch.WhatToWatchApplication}', contextInitializerClasses = '[]', activeProfiles = '{}', propertySourceLocations = '{}', propertySourceProperties = '{}', contextLoader = 'org.springframework.boot.test.SpringApplicationContextLoader', parent = [null]]], class annotated with @DirtiesContext [false] with mode [null].
14:37:57.696 [Test worker] DEBUG o.s.t.annotation.ProfileValueUtils - Retrieved @ProfileValueSourceConfiguration [null] for test class [pl.ciruk.whattowatch.WhatToWatchApplicationTests]
14:37:57.696 [Test worker] DEBUG o.s.t.annotation.ProfileValueUtils - Retrieved ProfileValueSource type [class org.springframework.test.annotation.SystemProfileValueSource] for class [pl.ciruk.whattowatch.WhatToWatchApplicationTests]
14:37:57.698 [Test worker] DEBUG o.s.t.c.s.DependencyInjectionTestExecutionListener - Performing dependency injection for test context [[DefaultTestContext@17a00d42 testClass = WhatToWatchApplicationTests, testInstance = pl.ciruk.whattowatch.WhatToWatchApplicationTests@783647d, testMethod = [null], testException = [null], mergedContextConfiguration = [MergedContextConfiguration@5ea94766 testClass = WhatToWatchApplicationTests, locations = '{}', classes = '{class pl.ciruk.whattowatch.WhatToWatchApplication}', contextInitializerClasses = '[]', activeProfiles = '{}', propertySourceLocations = '{}', propertySourceProperties = '{}', contextLoader = 'org.springframework.boot.test.SpringApplicationContextLoader', parent = [null]]]].
14:37:57.753 [Test worker] DEBUG o.s.core.env.StandardEnvironment - Adding [systemProperties] PropertySource with lowest search precedence
14:37:57.755 [Test worker] DEBUG o.s.core.env.StandardEnvironment - Adding [systemEnvironment] PropertySource with lowest search precedence
14:37:57.755 [Test worker] DEBUG o.s.core.env.StandardEnvironment - Initialized StandardEnvironment with PropertySources [systemProperties,systemEnvironment]
14:37:57.756 [Test worker] DEBUG o.s.core.env.StandardEnvironment - Adding [integrationTest] PropertySource with search precedence immediately lower than [systemEnvironment]

  .   ____          _            __ _ _
 /\\ / ___'_ __ _ _(_)_ __  __ _ \ \ \ \
( ( )\___ | '_ | '_| | '_ \/ _` | \ \ \ \
 \\/  ___)| |_)| | | | | || (_| |  ) ) ) )
  '  |____| .__|_| |_|_| |_\__, | / / / /
 =========|_|==============|___/=/_/_/_/
 :: Spring Boot ::        (v1.3.1.RELEASE)

2015-12-31 14:37:57.954  INFO 10493 --- [    Test worker] p.c.w.WhatToWatchApplicationTests        : Starting WhatToWatchApplicationTests on asus with PID 10493 (/home/piotr/git/what-to-watch/what-to-watch-boot/build/classes/test started by piotr in /home/piotr/git/what-to-watch/what-to-watch-boot)
2015-12-31 14:37:57.954  INFO 10493 --- [    Test worker] p.c.w.WhatToWatchApplicationTests        : No active profile set, falling back to default profiles: default
2015-12-31 14:37:57.981  INFO 10493 --- [    Test worker] s.c.a.AnnotationConfigApplicationContext : Refreshing org.springframework.context.annotation.AnnotationConfigApplicationContext@63ad387e: startup date [Thu Dec 31 14:37:57 CET 2015]; root of context hierarchy
2015-12-31 14:37:58.765  INFO 10493 --- [    Test worker] f.a.AutowiredAnnotationBeanPostProcessor : JSR-330 'javax.inject.Inject' annotation found and supported for autowiring
2015-12-31 14:37:58.839  INFO 10493 --- [    Test worker] pl.ciruk.whattowatch.boundary.Scores     : Scores create
2015-12-31 14:37:58.842  INFO 10493 --- [    Test worker] pl.ciruk.whattowatch.boundary.Scores     : init - ScoresProviders: [pl.ciruk.whattowatch.score.filmweb.FilmwebScores@2a1ce1dd, pl.ciruk.whattowatch.score.imdb.IMDBScores@32f2a039, pl.ciruk.whattowatch.score.metacritic.MetacriticScores@5e99c0a9]
2015-12-31 14:37:59.535  INFO 10493 --- [    Test worker] p.c.w.WhatToWatchApplicationTests        : Started WhatToWatchApplicationTests in 1.777 seconds (JVM running for 2.396)
]]></system-out>
  <system-err><![CDATA[]]></system-err>
</testsuite>
